<?xml version="1.0" encoding="UTF-8"?>
<!-- Generated by org.testng.reporters.JUnitXMLReporter -->
<testsuite hostname="Skillray" ignored="0" name="Test2" tests="1" failures="1" timestamp="2020-04-06T20:48:55 IST" time="79.446" errors="0">
  <testcase name="demo" time="79.37" classname="pp.prallel">
    <failure type="org.openqa.selenium.SessionNotCreatedException" message="Unable to create a new remote session. Please check the server log for more details. Original error: A new session could not be created. Details: java.lang.IllegalStateException: UiAutomation not connected!
Build info: version: &amp;apos;3.141.59&amp;apos;, revision: &amp;apos;e82be7d358&amp;apos;, time: &amp;apos;2018-11-14T08:25:53&amp;apos;
System info: host: &amp;apos;SKILLRAY&amp;apos;, ip: &amp;apos;192.168.43.149&amp;apos;, os.name: &amp;apos;Windows 10&amp;apos;, os.arch: &amp;apos;amd64&amp;apos;, os.version: &amp;apos;10.0&amp;apos;, java.version: &amp;apos;1.8.0_191&amp;apos;
Driver info: driver.version: AndroidDriver
remote stacktrace: io.appium.uiautomator2.common.exceptions.SessionNotCreatedException: java.lang.IllegalStateException: UiAutomation not connected!
	at io.appium.uiautomator2.handler.NewSession.safeHandle(NewSession.java:59)
	at io.appium.uiautomator2.handler.request.SafeRequestHandler.handle(SafeRequestHandler.java:38)
	at io.appium.uiautomator2.server.AppiumServlet.handleRequest(AppiumServlet.java:252)
	at io.appium.uiautomator2.server.AppiumServlet.handleHttpRequest(AppiumServlet.java:242)
	at io.appium.uiautomator2.http.ServerHandler.channelRead(ServerHandler.java:44)
	at io.netty.channel.AbstractChannelHandlerContext.invokeChannelRead(AbstractChannelHandlerContext.java:366)
	at io.netty.channel.AbstractChannelHandlerContext.invokeChannelRead(AbstractChannelHandlerContext.java:352)
	at io.netty.channel.AbstractChannelHandlerContext.fireChannelRead(AbstractChannelHandlerContext.java:345)
	at io.netty.handler.codec.MessageToMessageDecoder.channelRead(MessageToMessageDecoder.java:102)
	at io.netty.channel.AbstractChannelHandlerContext.invokeChannelRead(AbstractChannelHandlerContext.java:366)
	at io.netty.channel.AbstractChannelHandlerContext.invokeChannelRead(AbstractChannelHandlerContext.java:352)
	at io.netty.channel.AbstractChannelHandlerContext.fireChannelRead(AbstractChannelHandlerContext.java:345)
	at io.netty.channel.CombinedChannelDuplexHandler$DelegatingChannelHandlerContext.fireChannelRead(CombinedChannelDuplexHandler.java:435)
	at io.netty.handler.codec.ByteToMessageDecoder.fireChannelRead(ByteToMessageDecoder.java:293)
	at io.netty.handler.codec.ByteToMessageDecoder.channelRead(ByteToMessageDecoder.java:267)
	at io.netty.channel.CombinedChannelDuplexHandler.channelRead(CombinedChannelDuplexHandler.java:250)
	at io.netty.channel.AbstractChannelHandlerContext.invokeChannelRead(AbstractChannelHandlerContext.java:366)
	at io.netty.channel.AbstractChannelHandlerContext.invokeChannelRead(AbstractChannelHandlerContext.java:352)
	at io.netty.channel.AbstractChannelHandlerContext.fireChannelRead(AbstractChannelHandlerContext.java:345)
	at io.netty.channel.DefaultChannelPipeline$HeadContext.channelRead(DefaultChannelPipeline.java:1294)
	at io.netty.channel.AbstractChannelHandlerContext.invokeChannelRead(AbstractChannelHandlerContext.java:366)
	at io.netty.channel.AbstractChannelHandlerContext.invokeChannelRead(AbstractChannelHandlerContext.java:352)
	at io.netty.channel.DefaultChannelPipeline.fireChannelRead(DefaultChannelPipeline.java:911)
	at io.netty.channel.nio.AbstractNioByteChannel$NioByteUnsafe.read(AbstractNioByteChannel.java:131)
	at io.netty.channel.nio.NioEventLoop.processSelectedKey(NioEventLoop.java:611)
	at io.netty.channel.nio.NioEventLoop.processSelectedKeysOptimized(NioEventLoop.java:552)
	at io.netty.channel.nio.NioEventLoop.processSelectedKeys(NioEventLoop.java:466)
	at io.netty.channel.nio.NioEventLoop.run(NioEventLoop.java:438)
	at io.netty.util.concurrent.SingleThreadEventExecutor$2.run(SingleThreadEventExecutor.java:140)
	at io.netty.util.concurrent.DefaultThreadFactory$DefaultRunnableDecorator.run(DefaultThreadFactory.java:144)
	at java.lang.Thread.run(Thread.java:764)
Caused by: java.lang.IllegalStateException: UiAutomation not connected!
	at android.app.UiAutomation.throwIfNotConnectedLocked(UiAutomation.java:1112)
	at android.app.UiAutomation.getServiceInfo(UiAutomation.java:414)
	at androidx.test.uiautomator.UiDevice.&amp;lt;init&amp;gt;(UiDevice.java:115)
	at androidx.test.uiautomator.UiDevice.getInstance(UiDevice.java:261)
	at io.appium.uiautomator2.utils.Device.getUiDevice(Device.java:25)
	at io.appium.uiautomator2.core.UiAutomatorBridge.getUiAutomation(UiAutomatorBridge.java:52)
	at io.appium.uiautomator2.core.UiAutomation.&amp;lt;init&amp;gt;(UiAutomation.java:32)
	at io.appium.uiautomator2.core.UiAutomation.getInstance(UiAutomation.java:37)
	at io.appium.uiautomator2.model.NotificationListener.&amp;lt;init&amp;gt;(NotificationListener.java:42)
	at io.appium.uiautomator2.model.NotificationListener.getInstance(NotificationListener.java:47)
	at io.appium.uiautomator2.handler.NewSession.safeHandle(NewSession.java:52)
	... 30 more

Build info: version: &amp;apos;3.141.59&amp;apos;, revision: &amp;apos;e82be7d358&amp;apos;, time: &amp;apos;2018-11-14T08:25:53&amp;apos;
System info: host: &amp;apos;SKILLRAY&amp;apos;, ip: &amp;apos;192.168.43.149&amp;apos;, os.name: &amp;apos;Windows 10&amp;apos;, os.arch: &amp;apos;amd64&amp;apos;, os.version: &amp;apos;10.0&amp;apos;, java.version: &amp;apos;1.8.0_191&amp;apos;
Driver info: driver.version: AndroidDriver">
      <![CDATA[org.openqa.selenium.SessionNotCreatedException: Unable to create a new remote session. Please check the server log for more details. Original error: A new session could not be created. Details: java.lang.IllegalStateException: UiAutomation not connected!
Build info: version: '3.141.59', revision: 'e82be7d358', time: '2018-11-14T08:25:53'
System info: host: 'SKILLRAY', ip: '192.168.43.149', os.name: 'Windows 10', os.arch: 'amd64', os.version: '10.0', java.version: '1.8.0_191'
Driver info: driver.version: AndroidDriver
remote stacktrace: io.appium.uiautomator2.common.exceptions.SessionNotCreatedException: java.lang.IllegalStateException: UiAutomation not connected!
at io.appium.uiautomator2.handler.NewSession.safeHandle(NewSession.java:59)
at io.appium.uiautomator2.handler.request.SafeRequestHandler.handle(SafeRequestHandler.java:38)
at io.appium.uiautomator2.server.AppiumServlet.handleRequest(AppiumServlet.java:252)
at io.appium.uiautomator2.server.AppiumServlet.handleHttpRequest(AppiumServlet.java:242)
at io.appium.uiautomator2.http.ServerHandler.channelRead(ServerHandler.java:44)
at io.netty.channel.AbstractChannelHandlerContext.invokeChannelRead(AbstractChannelHandlerContext.java:366)
at io.netty.channel.AbstractChannelHandlerContext.invokeChannelRead(AbstractChannelHandlerContext.java:352)
at io.netty.channel.AbstractChannelHandlerContext.fireChannelRead(AbstractChannelHandlerContext.java:345)
at io.netty.handler.codec.MessageToMessageDecoder.channelRead(MessageToMessageDecoder.java:102)
at io.netty.channel.AbstractChannelHandlerContext.invokeChannelRead(AbstractChannelHandlerContext.java:366)
at io.netty.channel.AbstractChannelHandlerContext.invokeChannelRead(AbstractChannelHandlerContext.java:352)
at io.netty.channel.AbstractChannelHandlerContext.fireChannelRead(AbstractChannelHandlerContext.java:345)
at io.netty.channel.CombinedChannelDuplexHandler$DelegatingChannelHandlerContext.fireChannelRead(CombinedChannelDuplexHandler.java:435)
at io.netty.handler.codec.ByteToMessageDecoder.fireChannelRead(ByteToMessageDecoder.java:293)
at io.netty.handler.codec.ByteToMessageDecoder.channelRead(ByteToMessageDecoder.java:267)
at io.netty.channel.CombinedChannelDuplexHandler.channelRead(CombinedChannelDuplexHandler.java:250)
at io.netty.channel.AbstractChannelHandlerContext.invokeChannelRead(AbstractChannelHandlerContext.java:366)
at io.netty.channel.AbstractChannelHandlerContext.invokeChannelRead(AbstractChannelHandlerContext.java:352)
at io.netty.channel.AbstractChannelHandlerContext.fireChannelRead(AbstractChannelHandlerContext.java:345)
at io.netty.channel.DefaultChannelPipeline$HeadContext.channelRead(DefaultChannelPipeline.java:1294)
at io.netty.channel.AbstractChannelHandlerContext.invokeChannelRead(AbstractChannelHandlerContext.java:366)
at io.netty.channel.AbstractChannelHandlerContext.invokeChannelRead(AbstractChannelHandlerContext.java:352)
at io.netty.channel.DefaultChannelPipeline.fireChannelRead(DefaultChannelPipeline.java:911)
at io.netty.channel.nio.AbstractNioByteChannel$NioByteUnsafe.read(AbstractNioByteChannel.java:131)
at io.netty.channel.nio.NioEventLoop.processSelectedKey(NioEventLoop.java:611)
at io.netty.channel.nio.NioEventLoop.processSelectedKeysOptimized(NioEventLoop.java:552)
at io.netty.channel.nio.NioEventLoop.processSelectedKeys(NioEventLoop.java:466)
at io.netty.channel.nio.NioEventLoop.run(NioEventLoop.java:438)
at io.netty.util.concurrent.SingleThreadEventExecutor$2.run(SingleThreadEventExecutor.java:140)
at io.netty.util.concurrent.DefaultThreadFactory$DefaultRunnableDecorator.run(DefaultThreadFactory.java:144)
at java.lang.Thread.run(Thread.java:764)
Caused by: java.lang.IllegalStateException: UiAutomation not connected!
at android.app.UiAutomation.throwIfNotConnectedLocked(UiAutomation.java:1112)
at android.app.UiAutomation.getServiceInfo(UiAutomation.java:414)
at androidx.test.uiautomator.UiDevice.<init>(UiDevice.java:115)
at androidx.test.uiautomator.UiDevice.getInstance(UiDevice.java:261)
at io.appium.uiautomator2.utils.Device.getUiDevice(Device.java:25)
at io.appium.uiautomator2.core.UiAutomatorBridge.getUiAutomation(UiAutomatorBridge.java:52)
at io.appium.uiautomator2.core.UiAutomation.<init>(UiAutomation.java:32)
at io.appium.uiautomator2.core.UiAutomation.getInstance(UiAutomation.java:37)
at io.appium.uiautomator2.model.NotificationListener.<init>(NotificationListener.java:42)
at io.appium.uiautomator2.model.NotificationListener.getInstance(NotificationListener.java:47)
at io.appium.uiautomator2.handler.NewSession.safeHandle(NewSession.java:52)
... 30 more

Build info: version: '3.141.59', revision: 'e82be7d358', time: '2018-11-14T08:25:53'
System info: host: 'SKILLRAY', ip: '192.168.43.149', os.name: 'Windows 10', os.arch: 'amd64', os.version: '10.0', java.version: '1.8.0_191'
Driver info: driver.version: AndroidDriver
at io.appium.java_client.remote.AppiumCommandExecutor$1.createSession(AppiumCommandExecutor.java:208)
at io.appium.java_client.remote.AppiumCommandExecutor.createSession(AppiumCommandExecutor.java:217)
at io.appium.java_client.remote.AppiumCommandExecutor.execute(AppiumCommandExecutor.java:239)
at org.openqa.selenium.remote.RemoteWebDriver.execute(RemoteWebDriver.java:552)
at io.appium.java_client.DefaultGenericMobileDriver.execute(DefaultGenericMobileDriver.java:41)
at io.appium.java_client.AppiumDriver.execute(AppiumDriver.java:1)
at io.appium.java_client.android.AndroidDriver.execute(AndroidDriver.java:1)
at org.openqa.selenium.remote.RemoteWebDriver.startSession(RemoteWebDriver.java:213)
at io.appium.java_client.AppiumDriver.startSession(AppiumDriver.java:336)
at org.openqa.selenium.remote.RemoteWebDriver.<init>(RemoteWebDriver.java:131)
at io.appium.java_client.DefaultGenericMobileDriver.<init>(DefaultGenericMobileDriver.java:37)
at io.appium.java_client.AppiumDriver.<init>(AppiumDriver.java:88)
at io.appium.java_client.AppiumDriver.<init>(AppiumDriver.java:98)
at io.appium.java_client.android.AndroidDriver.<init>(AndroidDriver.java:94)
at pp.prallel.demo(prallel.java:33)
at java.util.ArrayList.forEach(Unknown Source)
at java.util.concurrent.FutureTask.run(Unknown Source)
at java.util.concurrent.ThreadPoolExecutor.runWorker(Unknown Source)
at java.util.concurrent.ThreadPoolExecutor$Worker.run(Unknown Source)
at java.lang.Thread.run(Unknown Source)
at io.appium.java_client.remote.AppiumCommandExecutor$1.createSession(AppiumCommandExecutor.java:186)
... 37 more
Caused by: org.openqa.selenium.SessionNotCreatedException: A new session could not be created. Details: java.lang.IllegalStateException: UiAutomation not connected!
Build info: version: '3.141.59', revision: 'e82be7d358', time: '2018-11-14T08:25:53'
System info: host: 'SKILLRAY', ip: '192.168.43.149', os.name: 'Windows 10', os.arch: 'amd64', os.version: '10.0', java.version: '1.8.0_191'
Driver info: driver.version: AndroidDriver
remote stacktrace: io.appium.uiautomator2.common.exceptions.SessionNotCreatedException: java.lang.IllegalStateException: UiAutomation not connected!
at io.appium.uiautomator2.handler.NewSession.safeHandle(NewSession.java:59)
at io.appium.uiautomator2.handler.request.SafeRequestHandler.handle(SafeRequestHandler.java:38)
at io.appium.uiautomator2.server.AppiumServlet.handleRequest(AppiumServlet.java:252)
at io.appium.uiautomator2.server.AppiumServlet.handleHttpRequest(AppiumServlet.java:242)
at io.appium.uiautomator2.http.ServerHandler.channelRead(ServerHandler.java:44)
at io.netty.channel.AbstractChannelHandlerContext.invokeChannelRead(AbstractChannelHandlerContext.java:366)
at io.netty.channel.AbstractChannelHandlerContext.invokeChannelRead(AbstractChannelHandlerContext.java:352)
at io.netty.channel.AbstractChannelHandlerContext.fireChannelRead(AbstractChannelHandlerContext.java:345)
at io.netty.handler.codec.MessageToMessageDecoder.channelRead(MessageToMessageDecoder.java:102)
at io.netty.channel.AbstractChannelHandlerContext.invokeChannelRead(AbstractChannelHandlerContext.java:366)
at io.netty.channel.AbstractChannelHandlerContext.invokeChannelRead(AbstractChannelHandlerContext.java:352)
at io.netty.channel.AbstractChannelHandlerContext.fireChannelRead(AbstractChannelHandlerContext.java:345)
at io.netty.channel.CombinedChannelDuplexHandler$DelegatingChannelHandlerContext.fireChannelRead(CombinedChannelDuplexHandler.java:435)
at io.netty.handler.codec.ByteToMessageDecoder.fireChannelRead(ByteToMessageDecoder.java:293)
at io.netty.handler.codec.ByteToMessageDecoder.channelRead(ByteToMessageDecoder.java:267)
at io.netty.channel.CombinedChannelDuplexHandler.channelRead(CombinedChannelDuplexHandler.java:250)
at io.netty.channel.AbstractChannelHandlerContext.invokeChannelRead(AbstractChannelHandlerContext.java:366)
at io.netty.channel.AbstractChannelHandlerContext.invokeChannelRead(AbstractChannelHandlerContext.java:352)
at io.netty.channel.AbstractChannelHandlerContext.fireChannelRead(AbstractChannelHandlerContext.java:345)
at io.netty.channel.DefaultChannelPipeline$HeadContext.channelRead(DefaultChannelPipeline.java:1294)
at io.netty.channel.AbstractChannelHandlerContext.invokeChannelRead(AbstractChannelHandlerContext.java:366)
at io.netty.channel.AbstractChannelHandlerContext.invokeChannelRead(AbstractChannelHandlerContext.java:352)
at io.netty.channel.DefaultChannelPipeline.fireChannelRead(DefaultChannelPipeline.java:911)
at io.netty.channel.nio.AbstractNioByteChannel$NioByteUnsafe.read(AbstractNioByteChannel.java:131)
at io.netty.channel.nio.NioEventLoop.processSelectedKey(NioEventLoop.java:611)
at io.netty.channel.nio.NioEventLoop.processSelectedKeysOptimized(NioEventLoop.java:552)
at io.netty.channel.nio.NioEventLoop.processSelectedKeys(NioEventLoop.java:466)
at io.netty.channel.nio.NioEventLoop.run(NioEventLoop.java:438)
at io.netty.util.concurrent.SingleThreadEventExecutor$2.run(SingleThreadEventExecutor.java:140)
at io.netty.util.concurrent.DefaultThreadFactory$DefaultRunnableDecorator.run(DefaultThreadFactory.java:144)
at java.lang.Thread.run(Thread.java:764)
Caused by: java.lang.IllegalStateException: UiAutomation not connected!
at android.app.UiAutomation.throwIfNotConnectedLocked(UiAutomation.java:1112)
at android.app.UiAutomation.getServiceInfo(UiAutomation.java:414)
at androidx.test.uiautomator.UiDevice.<init>(UiDevice.java:115)
at androidx.test.uiautomator.UiDevice.getInstance(UiDevice.java:261)
at io.appium.uiautomator2.utils.Device.getUiDevice(Device.java:25)
at io.appium.uiautomator2.core.UiAutomatorBridge.getUiAutomation(UiAutomatorBridge.java:52)
at io.appium.uiautomator2.core.UiAutomation.<init>(UiAutomation.java:32)
at io.appium.uiautomator2.core.UiAutomation.getInstance(UiAutomation.java:37)
at io.appium.uiautomator2.model.NotificationListener.<init>(NotificationListener.java:42)
at io.appium.uiautomator2.model.NotificationListener.getInstance(NotificationListener.java:47)
at io.appium.uiautomator2.handler.NewSession.safeHandle(NewSession.java:52)
... 30 more

at org.openqa.selenium.remote.W3CHandshakeResponse.lambda$errorHandler$0(W3CHandshakeResponse.java:62)
at org.openqa.selenium.remote.HandshakeResponse.lambda$getResponseFunction$0(HandshakeResponse.java:30)
at org.openqa.selenium.remote.ProtocolHandshake.lambda$createSession$0(ProtocolHandshake.java:126)
at java.util.stream.ReferencePipeline$3$1.accept(Unknown Source)
at java.util.Spliterators$ArraySpliterator.tryAdvance(Unknown Source)
at java.util.stream.ReferencePipeline.forEachWithCancel(Unknown Source)
at java.util.stream.AbstractPipeline.copyIntoWithCancel(Unknown Source)
at java.util.stream.AbstractPipeline.copyInto(Unknown Source)
at java.util.stream.AbstractPipeline.wrapAndCopyInto(Unknown Source)
at java.util.stream.FindOps$FindOp.evaluateSequential(Unknown Source)
at java.util.stream.AbstractPipeline.evaluate(Unknown Source)
at java.util.stream.ReferencePipeline.findFirst(Unknown Source)
at org.openqa.selenium.remote.ProtocolHandshake.createSession(ProtocolHandshake.java:128)
... 42 more
... Removed 27 stack frames]]>
    </failure>
  </testcase> <!-- demo -->
</testsuite> <!-- Test2 -->
